{
"contracts/Afen.sol":{"l":{"61":3,"62":3,"63":3,"64":3,"68":1,"72":4,"77":3,"78":3,"79":3,"81":3,"82":2,"83":2,"84":2,"85":2,"87":1,"89":3,"93":2,"97":3,"101":7,"102":7,"106":2,"107":2,"108":2,"109":2,"110":2,"114":1,"118":1,"121":2,"122":2,"123":2,"124":2,"125":2},"path":"/home/oncemore/BlockchainWork/afen/contract/contracts/Afen.sol","s":{"1":3,"2":3,"3":3,"4":3,"5":1,"6":4,"7":3,"8":3,"9":3,"10":3,"11":2,"12":2,"13":2,"14":2,"15":1,"16":3,"17":2,"18":3,"19":7,"20":7,"21":2,"22":2,"23":2,"24":2,"25":2,"26":1,"27":1,"28":2,"29":2,"30":2,"31":2,"32":2},"b":{"1":[3,0],"2":[3,0],"3":[3,0],"4":[2,1],"5":[7,0],"6":[2,0],"7":[2,0],"8":[2,0],"9":[2,0]},"f":{"1":3,"2":3,"3":1,"4":4,"5":3,"6":2,"7":3,"8":7,"9":2,"10":1,"11":1,"12":2},"fnMap":{"1":{"name":"constructor","line":9,"loc":{"start":{"line":9,"column":4},"end":{"line":9,"column":41}}},"2":{"name":"mint","line":60,"loc":{"start":{"line":60,"column":4},"end":{"line":65,"column":4}}},"3":{"name":"get_nft_size","line":67,"loc":{"start":{"line":67,"column":4},"end":{"line":69,"column":4}}},"4":{"name":"get_nft","line":71,"loc":{"start":{"line":71,"column":4},"end":{"line":73,"column":4}}},"5":{"name":"set_sell","line":75,"loc":{"start":{"line":75,"column":4},"end":{"line":90,"column":4}}},"6":{"name":"get_nftids_sellids","line":92,"loc":{"start":{"line":92,"column":4},"end":{"line":94,"column":4}}},"7":{"name":"get_sell_size","line":96,"loc":{"start":{"line":96,"column":4},"end":{"line":98,"column":4}}},"8":{"name":"get_sell_item","line":100,"loc":{"start":{"line":100,"column":4},"end":{"line":103,"column":4}}},"9":{"name":"buy","line":105,"loc":{"start":{"line":105,"column":4},"end":{"line":111,"column":4}}},"10":{"name":"get_sold_size","line":113,"loc":{"start":{"line":113,"column":4},"end":{"line":115,"column":4}}},"11":{"name":"get_sold_nft","line":117,"loc":{"start":{"line":117,"column":4},"end":{"line":119,"column":4}}},"12":{"name":"set_resell","line":120,"loc":{"start":{"line":120,"column":4},"end":{"line":126,"column":4}}}},"statementMap":{"1":{"start":{"line":61,"column":8},"end":{"line":61,"column":62}},"2":{"start":{"line":62,"column":8},"end":{"line":62,"column":26}},"3":{"start":{"line":63,"column":8},"end":{"line":63,"column":41}},"4":{"start":{"line":64,"column":8},"end":{"line":64,"column":135}},"5":{"start":{"line":68,"column":8},"end":{"line":68,"column":37}},"6":{"start":{"line":72,"column":8},"end":{"line":72,"column":135}},"7":{"start":{"line":77,"column":8},"end":{"line":77,"column":84}},"8":{"start":{"line":78,"column":8},"end":{"line":78,"column":86}},"9":{"start":{"line":79,"column":8},"end":{"line":79,"column":112}},"10":{"start":{"line":81,"column":8},"end":{"line":81,"column":3154}},"11":{"start":{"line":82,"column":12},"end":{"line":82,"column":75}},"12":{"start":{"line":83,"column":12},"end":{"line":83,"column":31}},"13":{"start":{"line":84,"column":12},"end":{"line":84,"column":41}},"14":{"start":{"line":85,"column":12},"end":{"line":85,"column":40}},"15":{"start":{"line":87,"column":12},"end":{"line":87,"column":63}},"16":{"start":{"line":89,"column":8},"end":{"line":89,"column":49}},"17":{"start":{"line":93,"column":8},"end":{"line":93,"column":51}},"18":{"start":{"line":97,"column":8},"end":{"line":97,"column":39}},"19":{"start":{"line":101,"column":8},"end":{"line":101,"column":83}},"20":{"start":{"line":102,"column":8},"end":{"line":102,"column":146}},"21":{"start":{"line":106,"column":8},"end":{"line":106,"column":88}},"22":{"start":{"line":107,"column":8},"end":{"line":107,"column":105}},"23":{"start":{"line":108,"column":8},"end":{"line":108,"column":42}},"24":{"start":{"line":109,"column":8},"end":{"line":109,"column":84}},"25":{"start":{"line":110,"column":8},"end":{"line":110,"column":27}},"26":{"start":{"line":114,"column":8},"end":{"line":114,"column":42}},"27":{"start":{"line":118,"column":8},"end":{"line":118,"column":113}},"28":{"start":{"line":121,"column":8},"end":{"line":121,"column":83}},"29":{"start":{"line":122,"column":8},"end":{"line":122,"column":109}},"30":{"start":{"line":123,"column":8},"end":{"line":123,"column":91}},"31":{"start":{"line":124,"column":8},"end":{"line":124,"column":27}},"32":{"start":{"line":125,"column":8},"end":{"line":125,"column":42}}},"branchMap":{"1":{"line":77,"type":"if","locations":[{"start":{"line":77,"column":8},"end":{"line":77,"column":8}},{"start":{"line":77,"column":8},"end":{"line":77,"column":8}}]},"2":{"line":78,"type":"if","locations":[{"start":{"line":78,"column":8},"end":{"line":78,"column":8}},{"start":{"line":78,"column":8},"end":{"line":78,"column":8}}]},"3":{"line":79,"type":"if","locations":[{"start":{"line":79,"column":8},"end":{"line":79,"column":8}},{"start":{"line":79,"column":8},"end":{"line":79,"column":8}}]},"4":{"line":81,"type":"if","locations":[{"start":{"line":81,"column":8},"end":{"line":81,"column":8}},{"start":{"line":81,"column":8},"end":{"line":81,"column":8}}]},"5":{"line":101,"type":"if","locations":[{"start":{"line":101,"column":8},"end":{"line":101,"column":8}},{"start":{"line":101,"column":8},"end":{"line":101,"column":8}}]},"6":{"line":106,"type":"if","locations":[{"start":{"line":106,"column":8},"end":{"line":106,"column":8}},{"start":{"line":106,"column":8},"end":{"line":106,"column":8}}]},"7":{"line":107,"type":"if","locations":[{"start":{"line":107,"column":8},"end":{"line":107,"column":8}},{"start":{"line":107,"column":8},"end":{"line":107,"column":8}}]},"8":{"line":121,"type":"if","locations":[{"start":{"line":121,"column":8},"end":{"line":121,"column":8}},{"start":{"line":121,"column":8},"end":{"line":121,"column":8}}]},"9":{"line":122,"type":"if","locations":[{"start":{"line":122,"column":8},"end":{"line":122,"column":8}},{"start":{"line":122,"column":8},"end":{"line":122,"column":8}}]}}},
"contracts/FakeAfenToken.sol":{"l":{"11":6,"12":6,"16":0,"17":0,"18":0,"22":0,"23":0,"24":0,"27":0,"28":0,"29":0,"30":0,"39":0},"path":"/home/oncemore/BlockchainWork/afen/contract/contracts/FakeAfenToken.sol","s":{"1":6,"2":6,"3":0,"4":0,"5":0,"6":0,"7":0,"8":0,"9":0,"10":0,"11":0,"12":0,"13":0},"b":{},"f":{"1":6,"2":0,"3":0,"4":0,"5":0},"fnMap":{"1":{"name":"constructor","line":10,"loc":{"start":{"line":10,"column":4},"end":{"line":13,"column":4}}},"2":{"name":"sell","line":15,"loc":{"start":{"line":15,"column":4},"end":{"line":19,"column":4}}},"3":{"name":"transfer","line":21,"loc":{"start":{"line":21,"column":4},"end":{"line":25,"column":4}}},"4":{"name":"safeTransfer","line":26,"loc":{"start":{"line":26,"column":4},"end":{"line":37,"column":4}}},"5":{"name":"balanceOf","line":38,"loc":{"start":{"line":38,"column":4},"end":{"line":40,"column":4}}}},"statementMap":{"1":{"start":{"line":11,"column":8},"end":{"line":11,"column":22}},"2":{"start":{"line":12,"column":8},"end":{"line":12,"column":37}},"3":{"start":{"line":16,"column":8},"end":{"line":16,"column":39}},"4":{"start":{"line":17,"column":8},"end":{"line":17,"column":32}},"5":{"start":{"line":18,"column":8},"end":{"line":18,"column":38}},"6":{"start":{"line":22,"column":8},"end":{"line":22,"column":39}},"7":{"start":{"line":23,"column":8},"end":{"line":23,"column":32}},"8":{"start":{"line":24,"column":8},"end":{"line":24,"column":79}},"9":{"start":{"line":27,"column":8},"end":{"line":27,"column":34}},"10":{"start":{"line":28,"column":8},"end":{"line":28,"column":32}},"11":{"start":{"line":29,"column":8},"end":{"line":29,"column":69}},"12":{"start":{"line":30,"column":8},"end":{"line":30,"column":1067}},"13":{"start":{"line":39,"column":8},"end":{"line":39,"column":31}}},"branchMap":{}},
"contracts/FakeBscToken.sol":{"l":{"11":6,"12":6,"16":0,"17":0,"18":0,"22":0,"23":0,"24":0,"28":0,"29":0,"30":0,"33":0},"path":"/home/oncemore/BlockchainWork/afen/contract/contracts/FakeBscToken.sol","s":{"1":6,"2":6,"3":0,"4":0,"5":0,"6":0,"7":0,"8":0,"9":0,"10":0,"11":0,"12":0},"b":{},"f":{"1":6,"2":0,"3":0,"4":0,"5":0},"fnMap":{"1":{"name":"constructor","line":10,"loc":{"start":{"line":10,"column":4},"end":{"line":13,"column":4}}},"2":{"name":"sell","line":15,"loc":{"start":{"line":15,"column":4},"end":{"line":19,"column":4}}},"3":{"name":"transfer","line":21,"loc":{"start":{"line":21,"column":4},"end":{"line":25,"column":4}}},"4":{"name":"safeTransfer","line":27,"loc":{"start":{"line":27,"column":4},"end":{"line":31,"column":4}}},"5":{"name":"balanceOf","line":32,"loc":{"start":{"line":32,"column":4},"end":{"line":34,"column":4}}}},"statementMap":{"1":{"start":{"line":11,"column":8},"end":{"line":11,"column":22}},"2":{"start":{"line":12,"column":8},"end":{"line":12,"column":37}},"3":{"start":{"line":16,"column":8},"end":{"line":16,"column":39}},"4":{"start":{"line":17,"column":8},"end":{"line":17,"column":32}},"5":{"start":{"line":18,"column":8},"end":{"line":18,"column":38}},"6":{"start":{"line":22,"column":8},"end":{"line":22,"column":39}},"7":{"start":{"line":23,"column":8},"end":{"line":23,"column":32}},"8":{"start":{"line":24,"column":8},"end":{"line":24,"column":79}},"9":{"start":{"line":28,"column":8},"end":{"line":28,"column":34}},"10":{"start":{"line":29,"column":8},"end":{"line":29,"column":32}},"11":{"start":{"line":30,"column":8},"end":{"line":30,"column":69}},"12":{"start":{"line":33,"column":8},"end":{"line":33,"column":31}}},"branchMap":{}},
"contracts/Main.sol":{"l":{"34":0,"35":0,"39":0,"40":0,"41":0,"42":0,"45":0,"46":0,"47":0,"48":0,"49":0,"50":0,"54":0,"64":0,"69":0,"70":0,"75":0,"76":0,"81":0,"82":0,"83":0,"84":0,"85":0,"87":0,"88":0,"90":0,"94":0,"97":0,"98":0,"99":0,"100":0,"101":0,"103":0,"104":0,"106":0},"path":"/home/oncemore/BlockchainWork/afen/contract/contracts/Main.sol","s":{"1":0,"2":0,"3":0,"4":0,"5":0,"6":0,"7":0,"8":0,"9":0,"10":0,"11":0,"12":0,"13":0,"14":0,"15":0,"16":0,"17":0,"18":0,"19":0,"20":0,"21":0,"22":0,"23":0,"24":0,"25":0,"26":0,"27":0,"28":0,"29":0,"30":0,"31":0,"32":0,"33":0,"34":0,"35":0},"b":{"1":[0,0],"2":[0,0]},"f":{"1":3,"2":0,"3":0,"4":0,"5":0,"6":0,"7":0,"8":0,"9":0,"10":0,"11":0},"fnMap":{"1":{"name":"constructor","line":27,"loc":{"start":{"line":27,"column":4},"end":{"line":28,"column":4}}},"2":{"name":"withdrawBnb","line":33,"loc":{"start":{"line":33,"column":4},"end":{"line":36,"column":4}}},"3":{"name":"withdrawAfen","line":38,"loc":{"start":{"line":38,"column":4},"end":{"line":43,"column":4}}},"4":{"name":"mint","line":44,"loc":{"start":{"line":44,"column":4},"end":{"line":51,"column":4}}},"5":{"name":"get_nft","line":53,"loc":{"start":{"line":53,"column":4},"end":{"line":61,"column":4}}},"6":{"name":"calc_fee","line":63,"loc":{"start":{"line":63,"column":4},"end":{"line":65,"column":4}}},"7":{"name":"afen_sell","line":68,"loc":{"start":{"line":68,"column":4},"end":{"line":71,"column":4}}},"8":{"name":"bsc_sell","line":74,"loc":{"start":{"line":74,"column":4},"end":{"line":77,"column":4}}},"9":{"name":"SetSell","line":80,"loc":{"start":{"line":80,"column":4},"end":{"line":91,"column":4}}},"10":{"name":"buy_fee","line":93,"loc":{"start":{"line":93,"column":4},"end":{"line":95,"column":4}}},"11":{"name":"buy","line":96,"loc":{"start":{"line":96,"column":4},"end":{"line":108,"column":4}}}},"statementMap":{"1":{"start":{"line":34,"column":8},"end":{"line":34,"column":52}},"2":{"start":{"line":35,"column":8},"end":{"line":35,"column":45}},"3":{"start":{"line":39,"column":8},"end":{"line":39,"column":49}},"4":{"start":{"line":40,"column":8},"end":{"line":40,"column":41}},"5":{"start":{"line":41,"column":8},"end":{"line":41,"column":53}},"6":{"start":{"line":42,"column":8},"end":{"line":42,"column":56}},"7":{"start":{"line":45,"column":8},"end":{"line":45,"column":38}},"8":{"start":{"line":46,"column":8},"end":{"line":46,"column":46}},"9":{"start":{"line":47,"column":8},"end":{"line":47,"column":93}},"10":{"start":{"line":48,"column":8},"end":{"line":48,"column":26}},"11":{"start":{"line":49,"column":8},"end":{"line":49,"column":65}},"12":{"start":{"line":50,"column":8},"end":{"line":50,"column":38}},"13":{"start":{"line":54,"column":8},"end":{"line":54,"column":1914}},"14":{"start":{"line":64,"column":8},"end":{"line":64,"column":27}},"15":{"start":{"line":69,"column":8},"end":{"line":69,"column":30}},"16":{"start":{"line":70,"column":8},"end":{"line":70,"column":47}},"17":{"start":{"line":75,"column":8},"end":{"line":75,"column":44}},"18":{"start":{"line":76,"column":8},"end":{"line":76,"column":76}},"19":{"start":{"line":81,"column":8},"end":{"line":81,"column":35}},"20":{"start":{"line":82,"column":8},"end":{"line":82,"column":21}},"21":{"start":{"line":83,"column":8},"end":{"line":83,"column":2906}},"22":{"start":{"line":84,"column":12},"end":{"line":84,"column":53}},"23":{"start":{"line":85,"column":12},"end":{"line":85,"column":65}},"24":{"start":{"line":87,"column":12},"end":{"line":87,"column":53}},"25":{"start":{"line":88,"column":12},"end":{"line":88,"column":56}},"26":{"start":{"line":90,"column":8},"end":{"line":90,"column":89}},"27":{"start":{"line":94,"column":8},"end":{"line":94,"column":30}},"28":{"start":{"line":97,"column":8},"end":{"line":97,"column":36}},"29":{"start":{"line":98,"column":8},"end":{"line":98,"column":16}},"30":{"start":{"line":99,"column":8},"end":{"line":99,"column":3522}},"31":{"start":{"line":100,"column":12},"end":{"line":100,"column":47}},"32":{"start":{"line":101,"column":12},"end":{"line":101,"column":67}},"33":{"start":{"line":103,"column":12},"end":{"line":103,"column":47}},"34":{"start":{"line":104,"column":12},"end":{"line":104,"column":67}},"35":{"start":{"line":106,"column":8},"end":{"line":106,"column":40}}},"branchMap":{"1":{"line":83,"type":"if","locations":[{"start":{"line":83,"column":8},"end":{"line":83,"column":8}},{"start":{"line":83,"column":8},"end":{"line":83,"column":8}}]},"2":{"line":99,"type":"if","locations":[{"start":{"line":99,"column":8},"end":{"line":99,"column":8}},{"start":{"line":99,"column":8},"end":{"line":99,"column":8}}]}}}}
