{
"contracts/Afen.sol":{"l":{"18":1,"19":1,"23":1,"24":1,"79":3,"80":3,"81":3,"82":3,"86":1,"90":4,"93":2,"98":3,"99":3,"100":3,"103":3,"104":2,"105":2,"106":2,"107":2,"108":2,"109":2,"110":2,"111":2,"112":2,"114":0,"115":0,"116":0,"119":1,"121":3,"125":2,"129":3,"133":7,"134":7,"137":2,"140":0,"143":2,"144":2,"145":2,"146":2,"147":2,"148":2,"149":2,"150":2,"151":2,"153":0,"154":0,"155":0,"158":0,"159":0,"160":0,"161":0,"162":0,"163":0,"165":0,"166":0,"167":0,"168":0,"169":0,"172":2,"173":2,"174":2,"178":1,"182":1,"185":2,"186":2,"187":2,"188":2,"189":2},"path":"/home/oncemore/BlockchainWork/afen/contract/contracts/Afen.sol","s":{"1":1,"2":1,"3":1,"4":1,"5":3,"6":3,"7":3,"8":3,"9":1,"10":4,"11":2,"12":3,"13":3,"14":3,"15":3,"16":2,"17":2,"18":2,"19":2,"20":2,"21":2,"22":2,"23":2,"24":2,"25":0,"26":0,"27":0,"28":1,"29":3,"30":2,"31":3,"32":7,"33":7,"34":2,"35":0,"36":2,"37":2,"38":2,"39":2,"40":2,"41":2,"42":2,"43":2,"44":2,"45":0,"46":0,"47":0,"48":0,"49":0,"50":0,"51":0,"52":0,"53":0,"54":0,"55":0,"56":0,"57":0,"58":0,"59":2,"60":2,"61":2,"62":1,"63":1,"64":2,"65":2,"66":2,"67":2,"68":2},"b":{"1":[3,0],"2":[3,0],"3":[3,0],"4":[2,1],"5":[2,0],"6":[2,0],"7":[0,0],"8":[7,0],"9":[2,0],"10":[2,0],"11":[2,0],"12":[2,0],"13":[0,0],"14":[2,0],"15":[2,0]},"f":{"1":3,"2":1,"3":1,"4":3,"5":1,"6":4,"7":2,"8":3,"9":2,"10":3,"11":7,"12":2,"13":0,"14":2,"15":1,"16":1,"17":2},"fnMap":{"1":{"name":"constructor","line":14,"loc":{"start":{"line":14,"column":4},"end":{"line":14,"column":41}}},"2":{"name":"CallDeployedAfen","line":17,"loc":{"start":{"line":17,"column":4},"end":{"line":20,"column":4}}},"3":{"name":"CallDeployedBsc","line":22,"loc":{"start":{"line":22,"column":4},"end":{"line":25,"column":4}}},"4":{"name":"mint","line":78,"loc":{"start":{"line":78,"column":4},"end":{"line":83,"column":4}}},"5":{"name":"get_nft_size","line":85,"loc":{"start":{"line":85,"column":4},"end":{"line":87,"column":4}}},"6":{"name":"get_nft","line":89,"loc":{"start":{"line":89,"column":4},"end":{"line":91,"column":4}}},"7":{"name":"list_fee","line":92,"loc":{"start":{"line":92,"column":4},"end":{"line":94,"column":4}}},"8":{"name":"set_sell","line":96,"loc":{"start":{"line":96,"column":4},"end":{"line":122,"column":4}}},"9":{"name":"get_nftids_sellids","line":124,"loc":{"start":{"line":124,"column":4},"end":{"line":126,"column":4}}},"10":{"name":"get_sell_size","line":128,"loc":{"start":{"line":128,"column":4},"end":{"line":130,"column":4}}},"11":{"name":"get_sell_item","line":132,"loc":{"start":{"line":132,"column":4},"end":{"line":135,"column":4}}},"12":{"name":"sell_fee","line":136,"loc":{"start":{"line":136,"column":4},"end":{"line":138,"column":4}}},"13":{"name":"loyalty","line":139,"loc":{"start":{"line":139,"column":4},"end":{"line":141,"column":4}}},"14":{"name":"buy","line":142,"loc":{"start":{"line":142,"column":4},"end":{"line":175,"column":4}}},"15":{"name":"get_sold_size","line":177,"loc":{"start":{"line":177,"column":4},"end":{"line":179,"column":4}}},"16":{"name":"get_sold_nft","line":181,"loc":{"start":{"line":181,"column":4},"end":{"line":183,"column":4}}},"17":{"name":"set_resell","line":184,"loc":{"start":{"line":184,"column":4},"end":{"line":190,"column":4}}}},"statementMap":{"1":{"start":{"line":18,"column":8},"end":{"line":18,"column":47}},"2":{"start":{"line":19,"column":8},"end":{"line":19,"column":52}},"3":{"start":{"line":23,"column":8},"end":{"line":23,"column":44}},"4":{"start":{"line":24,"column":8},"end":{"line":24,"column":50}},"5":{"start":{"line":79,"column":8},"end":{"line":79,"column":80}},"6":{"start":{"line":80,"column":8},"end":{"line":80,"column":26}},"7":{"start":{"line":81,"column":8},"end":{"line":81,"column":41}},"8":{"start":{"line":82,"column":8},"end":{"line":82,"column":187}},"9":{"start":{"line":86,"column":8},"end":{"line":86,"column":37}},"10":{"start":{"line":90,"column":8},"end":{"line":90,"column":135}},"11":{"start":{"line":93,"column":8},"end":{"line":93,"column":30}},"12":{"start":{"line":98,"column":8},"end":{"line":98,"column":84}},"13":{"start":{"line":99,"column":8},"end":{"line":99,"column":86}},"14":{"start":{"line":100,"column":8},"end":{"line":100,"column":112}},"15":{"start":{"line":103,"column":8},"end":{"line":103,"column":4039}},"16":{"start":{"line":104,"column":12},"end":{"line":104,"column":75}},"17":{"start":{"line":105,"column":12},"end":{"line":105,"column":31}},"18":{"start":{"line":106,"column":12},"end":{"line":106,"column":41}},"19":{"start":{"line":107,"column":12},"end":{"line":107,"column":40}},"20":{"start":{"line":108,"column":12},"end":{"line":108,"column":20}},"21":{"start":{"line":109,"column":12},"end":{"line":109,"column":4315}},"22":{"start":{"line":110,"column":16},"end":{"line":110,"column":55}},"23":{"start":{"line":111,"column":16},"end":{"line":111,"column":127}},"24":{"start":{"line":112,"column":16},"end":{"line":112,"column":73}},"25":{"start":{"line":114,"column":16},"end":{"line":114,"column":55}},"26":{"start":{"line":115,"column":16},"end":{"line":115,"column":125}},"27":{"start":{"line":116,"column":16},"end":{"line":116,"column":72}},"28":{"start":{"line":119,"column":12},"end":{"line":119,"column":63}},"29":{"start":{"line":121,"column":8},"end":{"line":121,"column":49}},"30":{"start":{"line":125,"column":8},"end":{"line":125,"column":51}},"31":{"start":{"line":129,"column":8},"end":{"line":129,"column":39}},"32":{"start":{"line":133,"column":8},"end":{"line":133,"column":83}},"33":{"start":{"line":134,"column":8},"end":{"line":134,"column":146}},"34":{"start":{"line":137,"column":8},"end":{"line":137,"column":30}},"35":{"start":{"line":140,"column":8},"end":{"line":140,"column":31}},"36":{"start":{"line":143,"column":8},"end":{"line":143,"column":88}},"37":{"start":{"line":144,"column":8},"end":{"line":144,"column":105}},"38":{"start":{"line":145,"column":8},"end":{"line":145,"column":16}},"39":{"start":{"line":146,"column":8},"end":{"line":146,"column":24}},"40":{"start":{"line":147,"column":8},"end":{"line":147,"column":6215}},"41":{"start":{"line":148,"column":12},"end":{"line":148,"column":6269}},"42":{"start":{"line":149,"column":16},"end":{"line":149,"column":74}},"43":{"start":{"line":150,"column":16},"end":{"line":150,"column":73}},"44":{"start":{"line":151,"column":16},"end":{"line":151,"column":124}},"45":{"start":{"line":153,"column":16},"end":{"line":153,"column":74}},"46":{"start":{"line":154,"column":16},"end":{"line":154,"column":73}},"47":{"start":{"line":155,"column":16},"end":{"line":155,"column":124}},"48":{"start":{"line":158,"column":12},"end":{"line":158,"column":6913}},"49":{"start":{"line":159,"column":16},"end":{"line":159,"column":74}},"50":{"start":{"line":160,"column":16},"end":{"line":160,"column":81}},"51":{"start":{"line":161,"column":16},"end":{"line":161,"column":73}},"52":{"start":{"line":162,"column":16},"end":{"line":162,"column":124}},"53":{"start":{"line":163,"column":16},"end":{"line":163,"column":111}},"54":{"start":{"line":165,"column":16},"end":{"line":165,"column":74}},"55":{"start":{"line":166,"column":16},"end":{"line":166,"column":81}},"56":{"start":{"line":167,"column":16},"end":{"line":167,"column":73}},"57":{"start":{"line":168,"column":16},"end":{"line":168,"column":124}},"58":{"start":{"line":169,"column":16},"end":{"line":169,"column":111}},"59":{"start":{"line":172,"column":8},"end":{"line":172,"column":42}},"60":{"start":{"line":173,"column":8},"end":{"line":173,"column":84}},"61":{"start":{"line":174,"column":8},"end":{"line":174,"column":27}},"62":{"start":{"line":178,"column":8},"end":{"line":178,"column":42}},"63":{"start":{"line":182,"column":8},"end":{"line":182,"column":113}},"64":{"start":{"line":185,"column":8},"end":{"line":185,"column":83}},"65":{"start":{"line":186,"column":8},"end":{"line":186,"column":109}},"66":{"start":{"line":187,"column":8},"end":{"line":187,"column":91}},"67":{"start":{"line":188,"column":8},"end":{"line":188,"column":27}},"68":{"start":{"line":189,"column":8},"end":{"line":189,"column":42}}},"branchMap":{"1":{"line":98,"type":"if","locations":[{"start":{"line":98,"column":8},"end":{"line":98,"column":8}},{"start":{"line":98,"column":8},"end":{"line":98,"column":8}}]},"2":{"line":99,"type":"if","locations":[{"start":{"line":99,"column":8},"end":{"line":99,"column":8}},{"start":{"line":99,"column":8},"end":{"line":99,"column":8}}]},"3":{"line":100,"type":"if","locations":[{"start":{"line":100,"column":8},"end":{"line":100,"column":8}},{"start":{"line":100,"column":8},"end":{"line":100,"column":8}}]},"4":{"line":103,"type":"if","locations":[{"start":{"line":103,"column":8},"end":{"line":103,"column":8}},{"start":{"line":103,"column":8},"end":{"line":103,"column":8}}]},"5":{"line":109,"type":"if","locations":[{"start":{"line":109,"column":12},"end":{"line":109,"column":12}},{"start":{"line":109,"column":12},"end":{"line":109,"column":12}}]},"6":{"line":111,"type":"if","locations":[{"start":{"line":111,"column":16},"end":{"line":111,"column":16}},{"start":{"line":111,"column":16},"end":{"line":111,"column":16}}]},"7":{"line":115,"type":"if","locations":[{"start":{"line":115,"column":16},"end":{"line":115,"column":16}},{"start":{"line":115,"column":16},"end":{"line":115,"column":16}}]},"8":{"line":133,"type":"if","locations":[{"start":{"line":133,"column":8},"end":{"line":133,"column":8}},{"start":{"line":133,"column":8},"end":{"line":133,"column":8}}]},"9":{"line":143,"type":"if","locations":[{"start":{"line":143,"column":8},"end":{"line":143,"column":8}},{"start":{"line":143,"column":8},"end":{"line":143,"column":8}}]},"10":{"line":144,"type":"if","locations":[{"start":{"line":144,"column":8},"end":{"line":144,"column":8}},{"start":{"line":144,"column":8},"end":{"line":144,"column":8}}]},"11":{"line":147,"type":"if","locations":[{"start":{"line":147,"column":8},"end":{"line":147,"column":8}},{"start":{"line":147,"column":8},"end":{"line":147,"column":8}}]},"12":{"line":148,"type":"if","locations":[{"start":{"line":148,"column":12},"end":{"line":148,"column":12}},{"start":{"line":148,"column":12},"end":{"line":148,"column":12}}]},"13":{"line":158,"type":"if","locations":[{"start":{"line":158,"column":12},"end":{"line":158,"column":12}},{"start":{"line":158,"column":12},"end":{"line":158,"column":12}}]},"14":{"line":185,"type":"if","locations":[{"start":{"line":185,"column":8},"end":{"line":185,"column":8}},{"start":{"line":185,"column":8},"end":{"line":185,"column":8}}]},"15":{"line":186,"type":"if","locations":[{"start":{"line":186,"column":8},"end":{"line":186,"column":8}},{"start":{"line":186,"column":8},"end":{"line":186,"column":8}}]}}},
"contracts/FakeAfenToken.sol":{"l":{"11":6,"12":6,"16":4,"17":4,"18":4,"22":0,"23":0,"24":0,"27":6,"28":6,"29":6,"30":6,"39":2},"path":"/home/oncemore/BlockchainWork/afen/contract/contracts/FakeAfenToken.sol","s":{"1":6,"2":6,"3":4,"4":4,"5":4,"6":0,"7":0,"8":0,"9":6,"10":6,"11":6,"12":6,"13":2},"b":{},"f":{"1":6,"2":4,"3":0,"4":6,"5":2},"fnMap":{"1":{"name":"constructor","line":10,"loc":{"start":{"line":10,"column":4},"end":{"line":13,"column":4}}},"2":{"name":"sell","line":15,"loc":{"start":{"line":15,"column":4},"end":{"line":19,"column":4}}},"3":{"name":"transfer","line":21,"loc":{"start":{"line":21,"column":4},"end":{"line":25,"column":4}}},"4":{"name":"safeTransfer","line":26,"loc":{"start":{"line":26,"column":4},"end":{"line":37,"column":4}}},"5":{"name":"balanceOf","line":38,"loc":{"start":{"line":38,"column":4},"end":{"line":40,"column":4}}}},"statementMap":{"1":{"start":{"line":11,"column":8},"end":{"line":11,"column":22}},"2":{"start":{"line":12,"column":8},"end":{"line":12,"column":37}},"3":{"start":{"line":16,"column":8},"end":{"line":16,"column":39}},"4":{"start":{"line":17,"column":8},"end":{"line":17,"column":32}},"5":{"start":{"line":18,"column":8},"end":{"line":18,"column":38}},"6":{"start":{"line":22,"column":8},"end":{"line":22,"column":39}},"7":{"start":{"line":23,"column":8},"end":{"line":23,"column":32}},"8":{"start":{"line":24,"column":8},"end":{"line":24,"column":79}},"9":{"start":{"line":27,"column":8},"end":{"line":27,"column":34}},"10":{"start":{"line":28,"column":8},"end":{"line":28,"column":32}},"11":{"start":{"line":29,"column":8},"end":{"line":29,"column":69}},"12":{"start":{"line":30,"column":8},"end":{"line":30,"column":1067}},"13":{"start":{"line":39,"column":8},"end":{"line":39,"column":31}}},"branchMap":{}},
"contracts/FakeBscToken.sol":{"l":{"11":6,"12":6,"16":0,"17":0,"18":0,"22":0,"23":0,"24":0,"28":0,"29":0,"30":0,"33":0},"path":"/home/oncemore/BlockchainWork/afen/contract/contracts/FakeBscToken.sol","s":{"1":6,"2":6,"3":0,"4":0,"5":0,"6":0,"7":0,"8":0,"9":0,"10":0,"11":0,"12":0},"b":{},"f":{"1":6,"2":0,"3":0,"4":0,"5":0},"fnMap":{"1":{"name":"constructor","line":10,"loc":{"start":{"line":10,"column":4},"end":{"line":13,"column":4}}},"2":{"name":"sell","line":15,"loc":{"start":{"line":15,"column":4},"end":{"line":19,"column":4}}},"3":{"name":"transfer","line":21,"loc":{"start":{"line":21,"column":4},"end":{"line":25,"column":4}}},"4":{"name":"safeTransfer","line":27,"loc":{"start":{"line":27,"column":4},"end":{"line":31,"column":4}}},"5":{"name":"balanceOf","line":32,"loc":{"start":{"line":32,"column":4},"end":{"line":34,"column":4}}}},"statementMap":{"1":{"start":{"line":11,"column":8},"end":{"line":11,"column":22}},"2":{"start":{"line":12,"column":8},"end":{"line":12,"column":37}},"3":{"start":{"line":16,"column":8},"end":{"line":16,"column":39}},"4":{"start":{"line":17,"column":8},"end":{"line":17,"column":32}},"5":{"start":{"line":18,"column":8},"end":{"line":18,"column":38}},"6":{"start":{"line":22,"column":8},"end":{"line":22,"column":39}},"7":{"start":{"line":23,"column":8},"end":{"line":23,"column":32}},"8":{"start":{"line":24,"column":8},"end":{"line":24,"column":79}},"9":{"start":{"line":28,"column":8},"end":{"line":28,"column":34}},"10":{"start":{"line":29,"column":8},"end":{"line":29,"column":32}},"11":{"start":{"line":30,"column":8},"end":{"line":30,"column":69}},"12":{"start":{"line":33,"column":8},"end":{"line":33,"column":31}}},"branchMap":{}},
"contracts/Main.sol":{"l":{"34":0,"35":0,"39":0,"40":0,"41":0,"42":0,"45":0,"46":0,"47":0,"48":0,"49":0,"50":0,"54":0,"64":0,"69":0,"70":0,"75":0,"76":0,"81":0,"82":0,"83":0,"84":0,"85":0,"87":0,"88":0,"90":0,"94":0,"97":0,"98":0,"99":0,"100":0,"101":0,"103":0,"104":0,"106":0},"path":"/home/oncemore/BlockchainWork/afen/contract/contracts/Main.sol","s":{"1":0,"2":0,"3":0,"4":0,"5":0,"6":0,"7":0,"8":0,"9":0,"10":0,"11":0,"12":0,"13":0,"14":0,"15":0,"16":0,"17":0,"18":0,"19":0,"20":0,"21":0,"22":0,"23":0,"24":0,"25":0,"26":0,"27":0,"28":0,"29":0,"30":0,"31":0,"32":0,"33":0,"34":0,"35":0},"b":{"1":[0,0],"2":[0,0]},"f":{"1":3,"2":0,"3":0,"4":0,"5":0,"6":0,"7":0,"8":0,"9":0,"10":0,"11":0},"fnMap":{"1":{"name":"constructor","line":27,"loc":{"start":{"line":27,"column":4},"end":{"line":28,"column":4}}},"2":{"name":"withdrawBnb","line":33,"loc":{"start":{"line":33,"column":4},"end":{"line":36,"column":4}}},"3":{"name":"withdrawAfen","line":38,"loc":{"start":{"line":38,"column":4},"end":{"line":43,"column":4}}},"4":{"name":"mint","line":44,"loc":{"start":{"line":44,"column":4},"end":{"line":51,"column":4}}},"5":{"name":"get_nft","line":53,"loc":{"start":{"line":53,"column":4},"end":{"line":61,"column":4}}},"6":{"name":"calc_fee","line":63,"loc":{"start":{"line":63,"column":4},"end":{"line":65,"column":4}}},"7":{"name":"afen_sell","line":68,"loc":{"start":{"line":68,"column":4},"end":{"line":71,"column":4}}},"8":{"name":"bsc_sell","line":74,"loc":{"start":{"line":74,"column":4},"end":{"line":77,"column":4}}},"9":{"name":"SetSell","line":80,"loc":{"start":{"line":80,"column":4},"end":{"line":91,"column":4}}},"10":{"name":"buy_fee","line":93,"loc":{"start":{"line":93,"column":4},"end":{"line":95,"column":4}}},"11":{"name":"buy","line":96,"loc":{"start":{"line":96,"column":4},"end":{"line":108,"column":4}}}},"statementMap":{"1":{"start":{"line":34,"column":8},"end":{"line":34,"column":52}},"2":{"start":{"line":35,"column":8},"end":{"line":35,"column":45}},"3":{"start":{"line":39,"column":8},"end":{"line":39,"column":49}},"4":{"start":{"line":40,"column":8},"end":{"line":40,"column":41}},"5":{"start":{"line":41,"column":8},"end":{"line":41,"column":53}},"6":{"start":{"line":42,"column":8},"end":{"line":42,"column":56}},"7":{"start":{"line":45,"column":8},"end":{"line":45,"column":38}},"8":{"start":{"line":46,"column":8},"end":{"line":46,"column":46}},"9":{"start":{"line":47,"column":8},"end":{"line":47,"column":93}},"10":{"start":{"line":48,"column":8},"end":{"line":48,"column":26}},"11":{"start":{"line":49,"column":8},"end":{"line":49,"column":65}},"12":{"start":{"line":50,"column":8},"end":{"line":50,"column":38}},"13":{"start":{"line":54,"column":8},"end":{"line":54,"column":1914}},"14":{"start":{"line":64,"column":8},"end":{"line":64,"column":27}},"15":{"start":{"line":69,"column":8},"end":{"line":69,"column":30}},"16":{"start":{"line":70,"column":8},"end":{"line":70,"column":47}},"17":{"start":{"line":75,"column":8},"end":{"line":75,"column":44}},"18":{"start":{"line":76,"column":8},"end":{"line":76,"column":76}},"19":{"start":{"line":81,"column":8},"end":{"line":81,"column":35}},"20":{"start":{"line":82,"column":8},"end":{"line":82,"column":21}},"21":{"start":{"line":83,"column":8},"end":{"line":83,"column":2906}},"22":{"start":{"line":84,"column":12},"end":{"line":84,"column":53}},"23":{"start":{"line":85,"column":12},"end":{"line":85,"column":65}},"24":{"start":{"line":87,"column":12},"end":{"line":87,"column":53}},"25":{"start":{"line":88,"column":12},"end":{"line":88,"column":56}},"26":{"start":{"line":90,"column":8},"end":{"line":90,"column":89}},"27":{"start":{"line":94,"column":8},"end":{"line":94,"column":30}},"28":{"start":{"line":97,"column":8},"end":{"line":97,"column":36}},"29":{"start":{"line":98,"column":8},"end":{"line":98,"column":16}},"30":{"start":{"line":99,"column":8},"end":{"line":99,"column":3522}},"31":{"start":{"line":100,"column":12},"end":{"line":100,"column":47}},"32":{"start":{"line":101,"column":12},"end":{"line":101,"column":67}},"33":{"start":{"line":103,"column":12},"end":{"line":103,"column":47}},"34":{"start":{"line":104,"column":12},"end":{"line":104,"column":67}},"35":{"start":{"line":106,"column":8},"end":{"line":106,"column":40}}},"branchMap":{"1":{"line":83,"type":"if","locations":[{"start":{"line":83,"column":8},"end":{"line":83,"column":8}},{"start":{"line":83,"column":8},"end":{"line":83,"column":8}}]},"2":{"line":99,"type":"if","locations":[{"start":{"line":99,"column":8},"end":{"line":99,"column":8}},{"start":{"line":99,"column":8},"end":{"line":99,"column":8}}]}}}}
