TN:
SF:/home/oncemore/BlockchainWork/afen/contract/contracts/Afen.sol
FN:13,constructor
FN:16,GetDeployed
FN:72,mint
FN:79,get_nft_size
FN:83,get_nft
FN:87,get_afen_address
FN:90,list_fee
FN:94,set_sell
FN:122,get_nftids_sellids
FN:126,get_sell_size
FN:130,get_sell_item
FN:135,buy
FN:143,get_sold_size
FN:147,get_sold_nft
FN:150,set_resell
FNF:15
FNH:15
FNDA:3,constructor
FNDA:1,GetDeployed
FNDA:3,mint
FNDA:1,get_nft_size
FNDA:4,get_nft
FNDA:1,get_afen_address
FNDA:2,list_fee
FNDA:3,set_sell
FNDA:2,get_nftids_sellids
FNDA:3,get_sell_size
FNDA:7,get_sell_item
FNDA:2,buy
FNDA:1,get_sold_size
FNDA:1,get_sold_nft
FNDA:2,set_resell
DA:17,1
DA:18,1
DA:73,3
DA:74,3
DA:75,3
DA:76,3
DA:80,1
DA:84,4
DA:88,1
DA:91,2
DA:96,3
DA:97,3
DA:98,3
DA:101,3
DA:102,2
DA:103,2
DA:104,2
DA:105,2
DA:106,2
DA:107,2
DA:108,2
DA:109,2
DA:110,2
DA:112,0
DA:113,0
DA:114,0
DA:117,1
DA:119,3
DA:123,2
DA:127,3
DA:131,7
DA:132,7
DA:136,2
DA:137,2
DA:138,2
DA:139,2
DA:140,2
DA:144,1
DA:148,1
DA:151,2
DA:152,2
DA:153,2
DA:154,2
DA:155,2
LF:44
LH:41
BRDA:96,1,0,3
BRDA:96,1,1,0
BRDA:97,2,0,3
BRDA:97,2,1,0
BRDA:98,3,0,3
BRDA:98,3,1,0
BRDA:101,4,0,2
BRDA:101,4,1,1
BRDA:107,5,0,2
BRDA:107,5,1,0
BRDA:109,6,0,2
BRDA:109,6,1,0
BRDA:113,7,0,0
BRDA:113,7,1,0
BRDA:131,8,0,7
BRDA:131,8,1,0
BRDA:136,9,0,2
BRDA:136,9,1,0
BRDA:137,10,0,2
BRDA:137,10,1,0
BRDA:151,11,0,2
BRDA:151,11,1,0
BRDA:152,12,0,2
BRDA:152,12,1,0
BRF:24
BRH:12
end_of_record
TN:
SF:/home/oncemore/BlockchainWork/afen/contract/contracts/FakeAfenToken.sol
FN:10,constructor
FN:15,sell
FN:21,transfer
FN:26,safeTransfer
FN:38,balanceOf
FNF:5
FNH:4
FNDA:9,constructor
FNDA:2,sell
FNDA:0,transfer
FNDA:2,safeTransfer
FNDA:2,balanceOf
DA:11,9
DA:12,9
DA:16,2
DA:17,2
DA:18,2
DA:22,0
DA:23,0
DA:24,0
DA:27,2
DA:28,2
DA:29,2
DA:30,2
DA:39,2
LF:13
LH:10
BRF:0
BRH:0
end_of_record
TN:
SF:/home/oncemore/BlockchainWork/afen/contract/contracts/FakeBscToken.sol
FN:10,constructor
FN:15,sell
FN:21,transfer
FN:27,safeTransfer
FN:32,balanceOf
FNF:5
FNH:1
FNDA:9,constructor
FNDA:0,sell
FNDA:0,transfer
FNDA:0,safeTransfer
FNDA:0,balanceOf
DA:11,9
DA:12,9
DA:16,0
DA:17,0
DA:18,0
DA:22,0
DA:23,0
DA:24,0
DA:28,0
DA:29,0
DA:30,0
DA:33,0
LF:12
LH:2
BRF:0
BRH:0
end_of_record
TN:
SF:/home/oncemore/BlockchainWork/afen/contract/contracts/Main.sol
FN:27,constructor
FN:33,withdrawBnb
FN:38,withdrawAfen
FN:44,mint
FN:53,get_nft
FN:63,calc_fee
FN:68,afen_sell
FN:74,bsc_sell
FN:80,SetSell
FN:93,buy_fee
FN:96,buy
FNF:11
FNH:1
FNDA:3,constructor
FNDA:0,withdrawBnb
FNDA:0,withdrawAfen
FNDA:0,mint
FNDA:0,get_nft
FNDA:0,calc_fee
FNDA:0,afen_sell
FNDA:0,bsc_sell
FNDA:0,SetSell
FNDA:0,buy_fee
FNDA:0,buy
DA:34,0
DA:35,0
DA:39,0
DA:40,0
DA:41,0
DA:42,0
DA:45,0
DA:46,0
DA:47,0
DA:48,0
DA:49,0
DA:50,0
DA:54,0
DA:64,0
DA:69,0
DA:70,0
DA:75,0
DA:76,0
DA:81,0
DA:82,0
DA:83,0
DA:84,0
DA:85,0
DA:87,0
DA:88,0
DA:90,0
DA:94,0
DA:97,0
DA:98,0
DA:99,0
DA:100,0
DA:101,0
DA:103,0
DA:104,0
DA:106,0
LF:35
LH:0
BRDA:83,1,0,0
BRDA:83,1,1,0
BRDA:99,2,0,0
BRDA:99,2,1,0
BRF:4
BRH:0
end_of_record
