TN:
SF:/home/oncemore/BlockchainWork/afen/contract/contracts/FakeAfenToken.sol
FN:10,constructor
FN:15,sell
FN:21,transfer
FN:26,safeTransfer
FN:31,balanceOf
FNF:5
FNH:4
FNDA:6,constructor
FNDA:6,sell
FNDA:1,transfer
FNDA:1,safeTransfer
FNDA:0,balanceOf
DA:11,6
DA:12,6
DA:16,6
DA:17,6
DA:18,6
DA:22,1
DA:23,1
DA:24,1
DA:27,1
DA:28,1
DA:29,1
DA:32,0
LF:12
LH:11
BRF:0
BRH:0
end_of_record
TN:
SF:/home/oncemore/BlockchainWork/afen/contract/contracts/FakeBscToken.sol
FN:10,constructor
FN:15,sell
FN:21,transfer
FN:27,safeTransfer
FN:32,balanceOf
FNF:5
FNH:1
FNDA:6,constructor
FNDA:0,sell
FNDA:0,transfer
FNDA:0,safeTransfer
FNDA:0,balanceOf
DA:11,6
DA:12,6
DA:16,0
DA:17,0
DA:18,0
DA:22,0
DA:23,0
DA:24,0
DA:28,0
DA:29,0
DA:30,0
DA:33,0
LF:12
LH:2
BRF:0
BRH:0
end_of_record
TN:
SF:/home/oncemore/BlockchainWork/afen/contract/contracts/Main.sol
FN:23,constructor
FN:24,mint
FN:33,get_nft
FN:43,calc_fee
FN:47,set_sell
FNF:5
FNH:4
FNDA:3,constructor
FNDA:3,mint
FNDA:0,get_nft
FNDA:1,calc_fee
FNDA:1,set_sell
DA:25,3
DA:26,3
DA:27,3
DA:28,3
DA:29,3
DA:30,3
DA:34,0
DA:44,1
DA:48,1
DA:49,1
DA:50,1
DA:51,1
DA:53,0
DA:54,0
DA:56,1
LF:15
LH:12
BRDA:49,1,0,1
BRDA:49,1,1,0
BRF:2
BRH:1
end_of_record
